<?xml version="1.0" encoding="UTF-8"?>
<robot generator="Robot 7.2.2 (Python 3.13.3 on win32)" generated="2025-05-30T13:33:48.299105" rpa="false" schemaversion="5">
<suite id="s1" name="Scenario1 Test" source="C:\Users\noompkbn9\Documents\PKBN\Projects\rbf-juice_shop\tests\scenario1_test.robot">
<test id="s1-t1" name="User Should Be Able To Login Add One Item And Complete Checkout" line="14">
<kw name="Setup Test" type="SETUP">
<kw name="Load Environment Variables" owner="env_loader">
<kw name="Get Environment Variable Or Default" owner="env_loader">
<kw name="Run Keyword And Return Status" owner="BuiltIn">
<kw name="Environment Variable Should Be Set" owner="OperatingSystem">
<msg time="2025-05-30T13:33:48.518318" level="FAIL">Environment variable 'JUICE_SHOP_URL' is not set.</msg>
<arg>${env_var}</arg>
<doc>Fails if the specified environment variable is not set.</doc>
<status status="FAIL" start="2025-05-30T13:33:48.518193" elapsed="0.000212">Environment variable 'JUICE_SHOP_URL' is not set.</status>
</kw>
<msg time="2025-05-30T13:33:48.518484" level="INFO">${value} = False</msg>
<var>${value}</var>
<arg>Environment Variable Should Be Set</arg>
<arg>${env_var}</arg>
<doc>Runs the given keyword with given arguments and returns the status as a Boolean value.</doc>
<status status="PASS" start="2025-05-30T13:33:48.518088" elapsed="0.000413"/>
</kw>
<kw name="Run Keyword If" owner="BuiltIn">
<kw name="Set Variable" owner="BuiltIn">
<arg>${default_value}</arg>
<doc>Returns the given values which can then be assigned to a variables.</doc>
<status status="PASS" start="2025-05-30T13:33:48.518701" elapsed="0.000069"/>
</kw>
<msg time="2025-05-30T13:33:48.518816" level="INFO">${result} = https://juice-shop.herokuapp.com</msg>
<var>${result}</var>
<arg>${value}</arg>
<arg>Get Environment Variable</arg>
<arg>${env_var}</arg>
<arg>ELSE</arg>
<arg>Set Variable</arg>
<arg>${default_value}</arg>
<doc>Runs the given keyword with the given arguments, if ``condition`` is true.</doc>
<status status="PASS" start="2025-05-30T13:33:48.518585" elapsed="0.000244"/>
</kw>
<return>
<value>${result}</value>
<status status="PASS" start="2025-05-30T13:33:48.518866" elapsed="0.000035"/>
</return>
<msg time="2025-05-30T13:33:48.518973" level="INFO">${BASE_URL} = https://juice-shop.herokuapp.com</msg>
<var>${BASE_URL}</var>
<arg>JUICE_SHOP_URL</arg>
<arg>${BASE_URL}</arg>
<status status="PASS" start="2025-05-30T13:33:48.517705" elapsed="0.001282"/>
</kw>
<kw name="Set Global Variable" owner="BuiltIn">
<msg time="2025-05-30T13:33:48.519150" level="INFO">${BASE_URL} = https://juice-shop.herokuapp.com</msg>
<arg>${BASE_URL}</arg>
<doc>Makes a variable available globally in all tests and suites.</doc>
<status status="PASS" start="2025-05-30T13:33:48.519055" elapsed="0.000118"/>
</kw>
<kw name="Get Environment Variable Or Default" owner="env_loader">
<kw name="Run Keyword And Return Status" owner="BuiltIn">
<kw name="Environment Variable Should Be Set" owner="OperatingSystem">
<msg time="2025-05-30T13:33:48.519558" level="FAIL">Environment variable 'JUICE_SHOP_LOGINURL' is not set.</msg>
<arg>${env_var}</arg>
<doc>Fails if the specified environment variable is not set.</doc>
<status status="FAIL" start="2025-05-30T13:33:48.519471" elapsed="0.000129">Environment variable 'JUICE_SHOP_LOGINURL' is not set.</status>
</kw>
<msg time="2025-05-30T13:33:48.519653" level="INFO">${value} = False</msg>
<var>${value}</var>
<arg>Environment Variable Should Be Set</arg>
<arg>${env_var}</arg>
<doc>Runs the given keyword with given arguments and returns the status as a Boolean value.</doc>
<status status="PASS" start="2025-05-30T13:33:48.519392" elapsed="0.000275"/>
</kw>
<kw name="Run Keyword If" owner="BuiltIn">
<kw name="Set Variable" owner="BuiltIn">
<arg>${default_value}</arg>
<doc>Returns the given values which can then be assigned to a variables.</doc>
<status status="PASS" start="2025-05-30T13:33:48.519837" elapsed="0.000073"/>
</kw>
<msg time="2025-05-30T13:33:48.519950" level="INFO">${result} = https://juice-shop.herokuapp.com/#/login</msg>
<var>${result}</var>
<arg>${value}</arg>
<arg>Get Environment Variable</arg>
<arg>${env_var}</arg>
<arg>ELSE</arg>
<arg>Set Variable</arg>
<arg>${default_value}</arg>
<doc>Runs the given keyword with the given arguments, if ``condition`` is true.</doc>
<status status="PASS" start="2025-05-30T13:33:48.519733" elapsed="0.000230"/>
</kw>
<return>
<value>${result}</value>
<status status="PASS" start="2025-05-30T13:33:48.519998" elapsed="0.000047"/>
</return>
<msg time="2025-05-30T13:33:48.520161" level="INFO">${LOGIN_URL} = https://juice-shop.herokuapp.com/#/login</msg>
<var>${LOGIN_URL}</var>
<arg>JUICE_SHOP_LOGINURL</arg>
<arg>${LOGIN_URL}</arg>
<status status="PASS" start="2025-05-30T13:33:48.519253" elapsed="0.000926"/>
</kw>
<kw name="Set Global Variable" owner="BuiltIn">
<msg time="2025-05-30T13:33:48.520362" level="INFO">${LOGIN_URL} = https://juice-shop.herokuapp.com/#/login</msg>
<arg>${LOGIN_URL}</arg>
<doc>Makes a variable available globally in all tests and suites.</doc>
<status status="PASS" start="2025-05-30T13:33:48.520255" elapsed="0.000130"/>
</kw>
<kw name="Get Environment Variable Or Default" owner="env_loader">
<kw name="Run Keyword And Return Status" owner="BuiltIn">
<kw name="Environment Variable Should Be Set" owner="OperatingSystem">
<msg time="2025-05-30T13:33:48.520814" level="FAIL">Environment variable 'JUICE_SHOP_EMAIL' is not set.</msg>
<arg>${env_var}</arg>
<doc>Fails if the specified environment variable is not set.</doc>
<status status="FAIL" start="2025-05-30T13:33:48.520716" elapsed="0.000136">Environment variable 'JUICE_SHOP_EMAIL' is not set.</status>
</kw>
<msg time="2025-05-30T13:33:48.520898" level="INFO">${value} = False</msg>
<var>${value}</var>
<arg>Environment Variable Should Be Set</arg>
<arg>${env_var}</arg>
<doc>Runs the given keyword with given arguments and returns the status as a Boolean value.</doc>
<status status="PASS" start="2025-05-30T13:33:48.520639" elapsed="0.000272"/>
</kw>
<kw name="Run Keyword If" owner="BuiltIn">
<kw name="Set Variable" owner="BuiltIn">
<arg>${default_value}</arg>
<doc>Returns the given values which can then be assigned to a variables.</doc>
<status status="PASS" start="2025-05-30T13:33:48.521073" elapsed="0.000061"/>
</kw>
<msg time="2025-05-30T13:33:48.521180" level="INFO">${result} = noom_pkbn@hotmail.com</msg>
<var>${result}</var>
<arg>${value}</arg>
<arg>Get Environment Variable</arg>
<arg>${env_var}</arg>
<arg>ELSE</arg>
<arg>Set Variable</arg>
<arg>${default_value}</arg>
<doc>Runs the given keyword with the given arguments, if ``condition`` is true.</doc>
<status status="PASS" start="2025-05-30T13:33:48.520973" elapsed="0.000221"/>
</kw>
<return>
<value>${result}</value>
<status status="PASS" start="2025-05-30T13:33:48.521235" elapsed="0.000020"/>
</return>
<msg time="2025-05-30T13:33:48.521315" level="INFO">${DEFAULT_EMAIL} = noom_pkbn@hotmail.com</msg>
<var>${DEFAULT_EMAIL}</var>
<arg>JUICE_SHOP_EMAIL</arg>
<arg>${DEFAULT_EMAIL}</arg>
<status status="PASS" start="2025-05-30T13:33:48.520494" elapsed="0.000834"/>
</kw>
<kw name="Set Global Variable" owner="BuiltIn">
<msg time="2025-05-30T13:33:48.521477" level="INFO">${DEFAULT_EMAIL} = noom_pkbn@hotmail.com</msg>
<arg>${DEFAULT_EMAIL}</arg>
<doc>Makes a variable available globally in all tests and suites.</doc>
<status status="PASS" start="2025-05-30T13:33:48.521383" elapsed="0.000117"/>
</kw>
<kw name="Get Environment Variable Or Default" owner="env_loader">
<kw name="Run Keyword And Return Status" owner="BuiltIn">
<kw name="Environment Variable Should Be Set" owner="OperatingSystem">
<msg time="2025-05-30T13:33:48.521870" level="FAIL">Environment variable 'JUICE_SHOP_PASSWORD' is not set.</msg>
<arg>${env_var}</arg>
<doc>Fails if the specified environment variable is not set.</doc>
<status status="FAIL" start="2025-05-30T13:33:48.521790" elapsed="0.000113">Environment variable 'JUICE_SHOP_PASSWORD' is not set.</status>
</kw>
<msg time="2025-05-30T13:33:48.521947" level="INFO">${value} = False</msg>
<var>${value}</var>
<arg>Environment Variable Should Be Set</arg>
<arg>${env_var}</arg>
<doc>Runs the given keyword with given arguments and returns the status as a Boolean value.</doc>
<status status="PASS" start="2025-05-30T13:33:48.521723" elapsed="0.000342"/>
</kw>
<kw name="Run Keyword If" owner="BuiltIn">
<kw name="Set Variable" owner="BuiltIn">
<arg>${default_value}</arg>
<doc>Returns the given values which can then be assigned to a variables.</doc>
<status status="PASS" start="2025-05-30T13:33:48.522275" elapsed="0.000066"/>
</kw>
<msg time="2025-05-30T13:33:48.522385" level="INFO">${result} = Test123!</msg>
<var>${result}</var>
<arg>${value}</arg>
<arg>Get Environment Variable</arg>
<arg>${env_var}</arg>
<arg>ELSE</arg>
<arg>Set Variable</arg>
<arg>${default_value}</arg>
<doc>Runs the given keyword with the given arguments, if ``condition`` is true.</doc>
<status status="PASS" start="2025-05-30T13:33:48.522160" elapsed="0.000238"/>
</kw>
<return>
<value>${result}</value>
<status status="PASS" start="2025-05-30T13:33:48.522439" elapsed="0.000020"/>
</return>
<msg time="2025-05-30T13:33:48.522528" level="INFO">${DEFAULT_PASSWORD} = Test123!</msg>
<var>${DEFAULT_PASSWORD}</var>
<arg>JUICE_SHOP_PASSWORD</arg>
<arg>${DEFAULT_PASSWORD}</arg>
<status status="PASS" start="2025-05-30T13:33:48.521579" elapsed="0.000964"/>
</kw>
<kw name="Set Global Variable" owner="BuiltIn">
<msg time="2025-05-30T13:33:48.522698" level="INFO">${DEFAULT_PASSWORD} = Test123!</msg>
<arg>${DEFAULT_PASSWORD}</arg>
<doc>Makes a variable available globally in all tests and suites.</doc>
<status status="PASS" start="2025-05-30T13:33:48.522603" elapsed="0.000117"/>
</kw>
<kw name="Get Environment Variable Or Default" owner="env_loader">
<kw name="Run Keyword And Return Status" owner="BuiltIn">
<kw name="Environment Variable Should Be Set" owner="OperatingSystem">
<msg time="2025-05-30T13:33:48.523095" level="FAIL">Environment variable 'BROWSER' is not set.</msg>
<arg>${env_var}</arg>
<doc>Fails if the specified environment variable is not set.</doc>
<status status="FAIL" start="2025-05-30T13:33:48.523014" elapsed="0.000115">Environment variable 'BROWSER' is not set.</status>
</kw>
<msg time="2025-05-30T13:33:48.523178" level="INFO">${value} = False</msg>
<var>${value}</var>
<arg>Environment Variable Should Be Set</arg>
<arg>${env_var}</arg>
<doc>Runs the given keyword with given arguments and returns the status as a Boolean value.</doc>
<status status="PASS" start="2025-05-30T13:33:48.522942" elapsed="0.000250"/>
</kw>
<kw name="Run Keyword If" owner="BuiltIn">
<kw name="Set Variable" owner="BuiltIn">
<arg>${default_value}</arg>
<doc>Returns the given values which can then be assigned to a variables.</doc>
<status status="PASS" start="2025-05-30T13:33:48.523358" elapsed="0.000061"/>
</kw>
<msg time="2025-05-30T13:33:48.523459" level="INFO">${result} = edge</msg>
<var>${result}</var>
<arg>${value}</arg>
<arg>Get Environment Variable</arg>
<arg>${env_var}</arg>
<arg>ELSE</arg>
<arg>Set Variable</arg>
<arg>${default_value}</arg>
<doc>Runs the given keyword with the given arguments, if ``condition`` is true.</doc>
<status status="PASS" start="2025-05-30T13:33:48.523257" elapsed="0.000214"/>
</kw>
<return>
<value>${result}</value>
<status status="PASS" start="2025-05-30T13:33:48.523502" elapsed="0.000018"/>
</return>
<msg time="2025-05-30T13:33:48.523576" level="INFO">${BROWSER} = edge</msg>
<var>${BROWSER}</var>
<arg>BROWSER</arg>
<arg>${BROWSER}</arg>
<status status="PASS" start="2025-05-30T13:33:48.522802" elapsed="0.000788"/>
</kw>
<kw name="Set Global Variable" owner="BuiltIn">
<msg time="2025-05-30T13:33:48.523731" level="INFO">${BROWSER} = edge</msg>
<arg>${BROWSER}</arg>
<doc>Makes a variable available globally in all tests and suites.</doc>
<status status="PASS" start="2025-05-30T13:33:48.523647" elapsed="0.000104"/>
</kw>
<kw name="Get Environment Variable Or Default" owner="env_loader">
<kw name="Run Keyword And Return Status" owner="BuiltIn">
<kw name="Environment Variable Should Be Set" owner="OperatingSystem">
<msg time="2025-05-30T13:33:48.525103" level="FAIL">Environment variable 'TIMEOUT' is not set.</msg>
<arg>${env_var}</arg>
<doc>Fails if the specified environment variable is not set.</doc>
<status status="FAIL" start="2025-05-30T13:33:48.524807" elapsed="0.000336">Environment variable 'TIMEOUT' is not set.</status>
</kw>
<msg time="2025-05-30T13:33:48.525196" level="INFO">${value} = False</msg>
<var>${value}</var>
<arg>Environment Variable Should Be Set</arg>
<arg>${env_var}</arg>
<doc>Runs the given keyword with given arguments and returns the status as a Boolean value.</doc>
<status status="PASS" start="2025-05-30T13:33:48.524700" elapsed="0.000509"/>
</kw>
<kw name="Run Keyword If" owner="BuiltIn">
<kw name="Set Variable" owner="BuiltIn">
<arg>${default_value}</arg>
<doc>Returns the given values which can then be assigned to a variables.</doc>
<status status="PASS" start="2025-05-30T13:33:48.525372" elapsed="0.000061"/>
</kw>
<msg time="2025-05-30T13:33:48.525490" level="INFO">${result} = 10</msg>
<var>${result}</var>
<arg>${value}</arg>
<arg>Get Environment Variable</arg>
<arg>${env_var}</arg>
<arg>ELSE</arg>
<arg>Set Variable</arg>
<arg>${default_value}</arg>
<doc>Runs the given keyword with the given arguments, if ``condition`` is true.</doc>
<status status="PASS" start="2025-05-30T13:33:48.525276" elapsed="0.000229"/>
</kw>
<return>
<value>${result}</value>
<status status="PASS" start="2025-05-30T13:33:48.525538" elapsed="0.000019"/>
</return>
<msg time="2025-05-30T13:33:48.525617" level="INFO">${TIMEOUT} = 10</msg>
<var>${TIMEOUT}</var>
<arg>TIMEOUT</arg>
<arg>${TIMEOUT}</arg>
<status status="PASS" start="2025-05-30T13:33:48.523827" elapsed="0.001805"/>
</kw>
<kw name="Set Global Variable" owner="BuiltIn">
<msg time="2025-05-30T13:33:48.525772" level="INFO">${TIMEOUT} = 10</msg>
<arg>${TIMEOUT}</arg>
<doc>Makes a variable available globally in all tests and suites.</doc>
<status status="PASS" start="2025-05-30T13:33:48.525692" elapsed="0.000100"/>
</kw>
<kw name="Log To Console" owner="BuiltIn">
<arg>Using URL: ${BASE_URL}</arg>
<doc>Logs the given message to the console.</doc>
<status status="PASS" start="2025-05-30T13:33:48.525864" elapsed="0.000218"/>
</kw>
<kw name="Log To Console" owner="BuiltIn">
<arg>Using Browser: ${BROWSER}</arg>
<doc>Logs the given message to the console.</doc>
<status status="PASS" start="2025-05-30T13:33:48.526176" elapsed="0.000224"/>
</kw>
<status status="PASS" start="2025-05-30T13:33:48.517545" elapsed="0.008897"/>
</kw>
<kw name="Navigate To Login Page" owner="login_page">
<kw name="Open Browser To Page" owner="base_page">
<kw name="Open Browser" owner="SeleniumLibrary">
<msg time="2025-05-30T13:33:48.526892" level="INFO">Opening browser 'edge' to base url 'https://juice-shop.herokuapp.com'.</msg>
<arg>${url}</arg>
<arg>${BROWSER}</arg>
<doc>Opens a new browser instance to the optional ``url``.</doc>
<status status="PASS" start="2025-05-30T13:33:48.526780" elapsed="5.426834"/>
</kw>
<kw name="Maximize Browser Window" owner="SeleniumLibrary">
<doc>Maximizes current browser window.</doc>
<status status="PASS" start="2025-05-30T13:33:53.953787" elapsed="0.035954"/>
</kw>
<kw name="Set Selenium Timeout" owner="SeleniumLibrary">
<arg>${TIMEOUT}</arg>
<doc>Sets the timeout that is used by various keywords.</doc>
<status status="PASS" start="2025-05-30T13:33:53.989884" elapsed="0.001071"/>
</kw>
<status status="PASS" start="2025-05-30T13:33:48.526644" elapsed="5.464371"/>
</kw>
<kw name="Dismiss Welcome Dialog If Present" owner="login_page">
<kw name="Run Keyword And Return Status" owner="BuiltIn">
<kw name="Element Should Be Visible" owner="SeleniumLibrary">
<msg time="2025-05-30T13:33:54.009519" level="INFO">Element 'css=button[aria-label='Close Welcome Banner']' is displayed.</msg>
<arg>${WELCOME_DIALOG_DISMISS_BUTTON}</arg>
<arg>5s</arg>
<doc>Verifies that the element identified by ``locator`` is visible.</doc>
<status status="PASS" start="2025-05-30T13:33:53.991378" elapsed="0.018208"/>
</kw>
<msg time="2025-05-30T13:33:54.009770" level="INFO">${status} = True</msg>
<var>${status}</var>
<arg>Element Should Be Visible</arg>
<arg>${WELCOME_DIALOG_DISMISS_BUTTON}</arg>
<arg>5s</arg>
<doc>Runs the given keyword with given arguments and returns the status as a Boolean value.</doc>
<status status="PASS" start="2025-05-30T13:33:53.991283" elapsed="0.018506"/>
</kw>
<kw name="Run Keyword If" owner="BuiltIn">
<kw name="Click Element" owner="SeleniumLibrary">
<msg time="2025-05-30T13:33:54.010170" level="INFO">Clicking element 'css=button[aria-label='Close Welcome Banner']'.</msg>
<arg>${WELCOME_DIALOG_DISMISS_BUTTON}</arg>
<doc>Click the element identified by ``locator``.</doc>
<status status="PASS" start="2025-05-30T13:33:54.010051" elapsed="0.055095"/>
</kw>
<arg>${status}</arg>
<arg>Click Element</arg>
<arg>${WELCOME_DIALOG_DISMISS_BUTTON}</arg>
<doc>Runs the given keyword with the given arguments, if ``condition`` is true.</doc>
<status status="PASS" start="2025-05-30T13:33:54.009902" elapsed="0.055316"/>
</kw>
<status status="PASS" start="2025-05-30T13:33:53.991124" elapsed="0.074139"/>
</kw>
<kw name="Dismiss Cookie Notice If Present" owner="login_page">
<kw name="Run Keyword And Return Status" owner="BuiltIn">
<kw name="Element Should Be Visible" owner="SeleniumLibrary">
<msg time="2025-05-30T13:33:54.081046" level="INFO">Element 'class=cc-dismiss' is displayed.</msg>
<arg>${DISMISS_COOKIE_NOTICE}</arg>
<arg>5s</arg>
<doc>Verifies that the element identified by ``locator`` is visible.</doc>
<status status="PASS" start="2025-05-30T13:33:54.065642" elapsed="0.015477"/>
</kw>
<msg time="2025-05-30T13:33:54.081222" level="INFO">${status} = True</msg>
<var>${status}</var>
<arg>Element Should Be Visible</arg>
<arg>${DISMISS_COOKIE_NOTICE}</arg>
<arg>5s</arg>
<doc>Runs the given keyword with given arguments and returns the status as a Boolean value.</doc>
<status status="PASS" start="2025-05-30T13:33:54.065550" elapsed="0.015688"/>
</kw>
<kw name="Run Keyword If" owner="BuiltIn">
<kw name="Click Element" owner="SeleniumLibrary">
<msg time="2025-05-30T13:33:54.081678" level="INFO">Clicking element 'class=cc-dismiss'.</msg>
<arg>${DISMISS_COOKIE_NOTICE}</arg>
<doc>Click the element identified by ``locator``.</doc>
<status status="PASS" start="2025-05-30T13:33:54.081521" elapsed="0.043633"/>
</kw>
<arg>${status}</arg>
<arg>Click Element</arg>
<arg>${DISMISS_COOKIE_NOTICE}</arg>
<doc>Runs the given keyword with the given arguments, if ``condition`` is true.</doc>
<status status="PASS" start="2025-05-30T13:33:54.081347" elapsed="0.043875"/>
</kw>
<status status="PASS" start="2025-05-30T13:33:54.065377" elapsed="0.059891"/>
</kw>
<kw name="Go To" owner="SeleniumLibrary">
<msg time="2025-05-30T13:33:54.125492" level="INFO">Opening url 'https://juice-shop.herokuapp.com/#/login'</msg>
<arg>${LOGIN_URL}</arg>
<doc>Navigates the current browser window to the provided ``url``.</doc>
<status status="PASS" start="2025-05-30T13:33:54.125373" elapsed="0.020750"/>
</kw>
<kw name="Dismiss Cookie Notice If Present" owner="login_page">
<kw name="Run Keyword And Return Status" owner="BuiltIn">
<kw name="Element Should Be Visible" owner="SeleniumLibrary">
<msg time="2025-05-30T13:33:54.159748" level="INFO">Element 'class=cc-dismiss' is displayed.</msg>
<arg>${DISMISS_COOKIE_NOTICE}</arg>
<arg>5s</arg>
<doc>Verifies that the element identified by ``locator`` is visible.</doc>
<status status="PASS" start="2025-05-30T13:33:54.146660" elapsed="0.013156"/>
</kw>
<msg time="2025-05-30T13:33:54.159915" level="INFO">${status} = True</msg>
<var>${status}</var>
<arg>Element Should Be Visible</arg>
<arg>${DISMISS_COOKIE_NOTICE}</arg>
<arg>5s</arg>
<doc>Runs the given keyword with given arguments and returns the status as a Boolean value.</doc>
<status status="PASS" start="2025-05-30T13:33:54.146525" elapsed="0.013408"/>
</kw>
<kw name="Run Keyword If" owner="BuiltIn">
<kw name="Click Element" owner="SeleniumLibrary">
<msg time="2025-05-30T13:33:54.160326" level="INFO">Clicking element 'class=cc-dismiss'.</msg>
<arg>${DISMISS_COOKIE_NOTICE}</arg>
<doc>Click the element identified by ``locator``.</doc>
<status status="PASS" start="2025-05-30T13:33:54.160193" elapsed="0.037210"/>
</kw>
<arg>${status}</arg>
<arg>Click Element</arg>
<arg>${DISMISS_COOKIE_NOTICE}</arg>
<doc>Runs the given keyword with the given arguments, if ``condition`` is true.</doc>
<status status="PASS" start="2025-05-30T13:33:54.160041" elapsed="0.037428"/>
</kw>
<status status="PASS" start="2025-05-30T13:33:54.146293" elapsed="0.051227"/>
</kw>
<status status="PASS" start="2025-05-30T13:33:48.526518" elapsed="5.671032"/>
</kw>
<status status="PASS" start="2025-05-30T13:33:48.517268" elapsed="5.680314"/>
</kw>
<kw name="Login With Credentials" owner="login_page">
<kw name="Dismiss Welcome Dialog If Present" owner="login_page">
<kw name="Run Keyword And Return Status" owner="BuiltIn">
<kw name="Element Should Be Visible" owner="SeleniumLibrary">
<msg time="2025-05-30T13:33:54.320884" level="INFO" html="true">&lt;/td&gt;&lt;/tr&gt;&lt;tr&gt;&lt;td colspan="3"&gt;&lt;a href="selenium-screenshot-23.png"&gt;&lt;img src="selenium-screenshot-23.png" width="800px"&gt;&lt;/a&gt;</msg>
<msg time="2025-05-30T13:33:54.320991" level="FAIL">Element with locator 'css=button[aria-label='Close Welcome Banner']' not found.</msg>
<arg>${WELCOME_DIALOG_DISMISS_BUTTON}</arg>
<arg>5s</arg>
<doc>Verifies that the element identified by ``locator`` is visible.</doc>
<status status="FAIL" start="2025-05-30T13:33:54.198465" elapsed="0.124426">Element with locator 'css=button[aria-label='Close Welcome Banner']' not found.</status>
</kw>
<msg time="2025-05-30T13:33:54.322989" level="INFO">${status} = False</msg>
<var>${status}</var>
<arg>Element Should Be Visible</arg>
<arg>${WELCOME_DIALOG_DISMISS_BUTTON}</arg>
<arg>5s</arg>
<doc>Runs the given keyword with given arguments and returns the status as a Boolean value.</doc>
<status status="PASS" start="2025-05-30T13:33:54.198367" elapsed="0.124641"/>
</kw>
<kw name="Run Keyword If" owner="BuiltIn">
<arg>${status}</arg>
<arg>Click Element</arg>
<arg>${WELCOME_DIALOG_DISMISS_BUTTON}</arg>
<doc>Runs the given keyword with the given arguments, if ``condition`` is true.</doc>
<status status="PASS" start="2025-05-30T13:33:54.323119" elapsed="0.000112"/>
</kw>
<status status="PASS" start="2025-05-30T13:33:54.198233" elapsed="0.125063"/>
</kw>
<kw name="Input Text When Ready" owner="base_page">
<kw name="Wait Until Element Is Visible And Enabled" owner="base_page">
<kw name="Wait Until Element Is Visible" owner="SeleniumLibrary">
<arg>${locator}</arg>
<arg>${timeout}</arg>
<doc>Waits until the element ``locator`` is visible.</doc>
<status status="PASS" start="2025-05-30T13:33:54.323768" elapsed="0.035182"/>
</kw>
<kw name="Wait Until Element Is Enabled" owner="SeleniumLibrary">
<arg>${locator}</arg>
<arg>${timeout}</arg>
<doc>Waits until the element ``locator`` is enabled.</doc>
<status status="PASS" start="2025-05-30T13:33:54.359090" elapsed="0.015458"/>
</kw>
<arg>${locator}</arg>
<arg>${timeout}</arg>
<status status="PASS" start="2025-05-30T13:33:54.323614" elapsed="0.051007"/>
</kw>
<kw name="Input Text" owner="SeleniumLibrary">
<msg time="2025-05-30T13:33:54.374888" level="INFO">Typing text 'noom_pkbn@hotmail.com' into text field 'id=email'.</msg>
<arg>${locator}</arg>
<arg>${text}</arg>
<doc>Types the given ``text`` into the text field identified by ``locator``.</doc>
<status status="PASS" start="2025-05-30T13:33:54.374723" elapsed="0.105917"/>
</kw>
<arg>${LOGIN_EMAIL_FIELD}</arg>
<arg>${email}</arg>
<status status="PASS" start="2025-05-30T13:33:54.323405" elapsed="0.157319"/>
</kw>
<kw name="Input Text When Ready" owner="base_page">
<kw name="Wait Until Element Is Visible And Enabled" owner="base_page">
<kw name="Wait Until Element Is Visible" owner="SeleniumLibrary">
<arg>${locator}</arg>
<arg>${timeout}</arg>
<doc>Waits until the element ``locator`` is visible.</doc>
<status status="PASS" start="2025-05-30T13:33:54.481278" elapsed="0.018868"/>
</kw>
<kw name="Wait Until Element Is Enabled" owner="SeleniumLibrary">
<arg>${locator}</arg>
<arg>${timeout}</arg>
<doc>Waits until the element ``locator`` is enabled.</doc>
<status status="PASS" start="2025-05-30T13:33:54.500325" elapsed="0.025801"/>
</kw>
<arg>${locator}</arg>
<arg>${timeout}</arg>
<status status="PASS" start="2025-05-30T13:33:54.481094" elapsed="0.045110"/>
</kw>
<kw name="Input Text" owner="SeleniumLibrary">
<msg time="2025-05-30T13:33:54.526467" level="INFO">Typing text 'Test123!' into text field 'id=password'.</msg>
<arg>${locator}</arg>
<arg>${text}</arg>
<doc>Types the given ``text`` into the text field identified by ``locator``.</doc>
<status status="PASS" start="2025-05-30T13:33:54.526305" elapsed="0.091355"/>
</kw>
<arg>${LOGIN_PASSWORD_FIELD}</arg>
<arg>${password}</arg>
<status status="PASS" start="2025-05-30T13:33:54.480853" elapsed="0.136904"/>
</kw>
<kw name="Dismiss Welcome Dialog If Present" owner="login_page">
<kw name="Run Keyword And Return Status" owner="BuiltIn">
<kw name="Element Should Be Visible" owner="SeleniumLibrary">
<msg time="2025-05-30T13:33:54.719196" level="INFO" html="true">&lt;/td&gt;&lt;/tr&gt;&lt;tr&gt;&lt;td colspan="3"&gt;&lt;a href="selenium-screenshot-24.png"&gt;&lt;img src="selenium-screenshot-24.png" width="800px"&gt;&lt;/a&gt;</msg>
<msg time="2025-05-30T13:33:54.719296" level="FAIL">Element with locator 'css=button[aria-label='Close Welcome Banner']' not found.</msg>
<arg>${WELCOME_DIALOG_DISMISS_BUTTON}</arg>
<arg>5s</arg>
<doc>Verifies that the element identified by ``locator`` is visible.</doc>
<status status="FAIL" start="2025-05-30T13:33:54.618176" elapsed="0.101795">Element with locator 'css=button[aria-label='Close Welcome Banner']' not found.</status>
</kw>
<msg time="2025-05-30T13:33:54.720059" level="INFO">${status} = False</msg>
<var>${status}</var>
<arg>Element Should Be Visible</arg>
<arg>${WELCOME_DIALOG_DISMISS_BUTTON}</arg>
<arg>5s</arg>
<doc>Runs the given keyword with given arguments and returns the status as a Boolean value.</doc>
<status status="PASS" start="2025-05-30T13:33:54.618061" elapsed="0.102015"/>
</kw>
<kw name="Run Keyword If" owner="BuiltIn">
<arg>${status}</arg>
<arg>Click Element</arg>
<arg>${WELCOME_DIALOG_DISMISS_BUTTON}</arg>
<doc>Runs the given keyword with the given arguments, if ``condition`` is true.</doc>
<status status="PASS" start="2025-05-30T13:33:54.720177" elapsed="0.000086"/>
</kw>
<status status="PASS" start="2025-05-30T13:33:54.617886" elapsed="0.102426"/>
</kw>
<kw name="Click Element When Ready" owner="base_page">
<kw name="Wait Until Element Is Visible And Enabled" owner="base_page">
<kw name="Wait Until Element Is Visible" owner="SeleniumLibrary">
<arg>${locator}</arg>
<arg>${timeout}</arg>
<doc>Waits until the element ``locator`` is visible.</doc>
<status status="PASS" start="2025-05-30T13:33:54.720786" elapsed="0.015735"/>
</kw>
<kw name="Wait Until Element Is Enabled" owner="SeleniumLibrary">
<arg>${locator}</arg>
<arg>${timeout}</arg>
<doc>Waits until the element ``locator`` is enabled.</doc>
<status status="PASS" start="2025-05-30T13:33:54.736650" elapsed="0.017587"/>
</kw>
<arg>${locator}</arg>
<arg>${timeout}</arg>
<status status="PASS" start="2025-05-30T13:33:54.720612" elapsed="0.033704"/>
</kw>
<kw name="Click Element" owner="SeleniumLibrary">
<msg time="2025-05-30T13:33:54.754583" level="INFO">Clicking element 'id=loginButton'.</msg>
<arg>${locator}</arg>
<doc>Click the element identified by ``locator``.</doc>
<status status="PASS" start="2025-05-30T13:33:54.754423" elapsed="0.072241"/>
</kw>
<arg>${LOGIN_BUTTON}</arg>
<status status="PASS" start="2025-05-30T13:33:54.720398" elapsed="0.106342"/>
</kw>
<arg>${DEFAULT_EMAIL}</arg>
<arg>${DEFAULT_PASSWORD}</arg>
<status status="PASS" start="2025-05-30T13:33:54.197975" elapsed="0.628798"/>
</kw>
<kw name="Add Product To Basket By Index" owner="product_page">
<kw name="Set Variable" owner="BuiltIn">
<msg time="2025-05-30T13:33:54.827391" level="INFO">${product_xpath} = (//mat-card)[1]//button[contains(@aria-label, 'Add to Basket')]</msg>
<var>${product_xpath}</var>
<arg>(//mat-card)[${product_index}]//button[contains(@aria-label, 'Add to Basket')]</arg>
<doc>Returns the given values which can then be assigned to a variables.</doc>
<status status="PASS" start="2025-05-30T13:33:54.827295" elapsed="0.000113"/>
</kw>
<kw name="Wait Until Element Is Visible" owner="SeleniumLibrary">
<arg>xpath=${product_xpath}</arg>
<arg>timeout=10s</arg>
<doc>Waits until the element ``locator`` is visible.</doc>
<status status="PASS" start="2025-05-30T13:33:54.827486" elapsed="0.658924"/>
</kw>
<kw name="Click Element" owner="SeleniumLibrary">
<msg time="2025-05-30T13:33:55.487582" level="INFO">Clicking element 'xpath=(//mat-card)[1]//button[contains(@aria-label, 'Add to Basket')]'.</msg>
<arg>xpath=${product_xpath}</arg>
<doc>Click the element identified by ``locator``.</doc>
<status status="PASS" start="2025-05-30T13:33:55.486914" elapsed="0.082805"/>
</kw>
<kw name="Sleep" owner="BuiltIn">
<msg time="2025-05-30T13:33:56.570263" level="INFO">Slept 1 second.</msg>
<arg>1s</arg>
<doc>Pauses the test executed for the given time.</doc>
<status status="PASS" start="2025-05-30T13:33:55.569847" elapsed="1.000499"/>
</kw>
<arg>1</arg>
<status status="PASS" start="2025-05-30T13:33:54.827111" elapsed="1.743299"/>
</kw>
<kw name="Go To Basket" owner="product_page">
<kw name="Click Element When Ready" owner="base_page">
<kw name="Wait Until Element Is Visible And Enabled" owner="base_page">
<kw name="Wait Until Element Is Visible" owner="SeleniumLibrary">
<arg>${locator}</arg>
<arg>${timeout}</arg>
<doc>Waits until the element ``locator`` is visible.</doc>
<status status="PASS" start="2025-05-30T13:33:56.571587" elapsed="0.037258"/>
</kw>
<kw name="Wait Until Element Is Enabled" owner="SeleniumLibrary">
<arg>${locator}</arg>
<arg>${timeout}</arg>
<doc>Waits until the element ``locator`` is enabled.</doc>
<status status="PASS" start="2025-05-30T13:33:56.609038" elapsed="0.038006"/>
</kw>
<arg>${locator}</arg>
<arg>${timeout}</arg>
<status status="PASS" start="2025-05-30T13:33:56.571379" elapsed="0.075745"/>
</kw>
<kw name="Click Element" owner="SeleniumLibrary">
<msg time="2025-05-30T13:33:56.647383" level="INFO">Clicking element 'css=.mat-toolbar-row button[aria-label="Show the shopping cart"]'.</msg>
<arg>${locator}</arg>
<doc>Click the element identified by ``locator``.</doc>
<status status="PASS" start="2025-05-30T13:33:56.647231" elapsed="0.080121"/>
</kw>
<arg>${BASKET_BUTTON}</arg>
<status status="PASS" start="2025-05-30T13:33:56.571187" elapsed="0.156245"/>
</kw>
<status status="PASS" start="2025-05-30T13:33:56.570972" elapsed="0.156494"/>
</kw>
<kw name="Sleep" owner="BuiltIn">
<msg time="2025-05-30T13:33:57.728557" level="INFO">Slept 1 second.</msg>
<arg>1s</arg>
<doc>Pauses the test executed for the given time.</doc>
<status status="PASS" start="2025-05-30T13:33:56.727718" elapsed="1.001334"/>
</kw>
<kw name="Verify Items In Basket" owner="basket_page">
<kw name="Get Text" owner="SeleniumLibrary">
<msg time="2025-05-30T13:33:57.768292" level="INFO">${actual_count} = 1</msg>
<var>${actual_count}</var>
<arg>${BASKET_ITEMS}</arg>
<doc>Returns the text value of the element identified by ``locator``.</doc>
<status status="PASS" start="2025-05-30T13:33:57.732207" elapsed="0.036112"/>
</kw>
<kw name="Should Be Equal As Integers" owner="BuiltIn">
<arg>${actual_count}</arg>
<arg>${expected_count}</arg>
<doc>Fails if objects are unequal after converting them to integers.</doc>
<status status="PASS" start="2025-05-30T13:33:57.768419" elapsed="0.000137"/>
</kw>
<arg>1</arg>
<status status="PASS" start="2025-05-30T13:33:57.730720" elapsed="0.037888"/>
</kw>
<kw name="Proceed To Checkout" owner="basket_page">
<kw name="Click Element When Ready" owner="base_page">
<kw name="Wait Until Element Is Visible And Enabled" owner="base_page">
<kw name="Wait Until Element Is Visible" owner="SeleniumLibrary">
<arg>${locator}</arg>
<arg>${timeout}</arg>
<doc>Waits until the element ``locator`` is visible.</doc>
<status status="PASS" start="2025-05-30T13:33:57.769435" elapsed="0.010121"/>
</kw>
<kw name="Wait Until Element Is Enabled" owner="SeleniumLibrary">
<arg>${locator}</arg>
<arg>${timeout}</arg>
<doc>Waits until the element ``locator`` is enabled.</doc>
<status status="PASS" start="2025-05-30T13:33:57.779757" elapsed="0.014290"/>
</kw>
<arg>${locator}</arg>
<arg>${timeout}</arg>
<status status="PASS" start="2025-05-30T13:33:57.769278" elapsed="0.024832"/>
</kw>
<kw name="Click Element" owner="SeleniumLibrary">
<msg time="2025-05-30T13:33:57.794314" level="INFO">Clicking element 'id=checkoutButton'.</msg>
<arg>${locator}</arg>
<doc>Click the element identified by ``locator``.</doc>
<status status="PASS" start="2025-05-30T13:33:57.794194" elapsed="0.044970"/>
</kw>
<arg>${CHECKOUT_BUTTON}</arg>
<status status="PASS" start="2025-05-30T13:33:57.769111" elapsed="0.070130"/>
</kw>
<status status="PASS" start="2025-05-30T13:33:57.768951" elapsed="0.070326"/>
</kw>
<kw name="Add New Address" owner="checkout_page">
<kw name="Click Element When Ready" owner="base_page">
<kw name="Wait Until Element Is Visible And Enabled" owner="base_page">
<kw name="Wait Until Element Is Visible" owner="SeleniumLibrary">
<msg time="2025-05-30T13:33:57.914325" level="INFO" html="true">&lt;/td&gt;&lt;/tr&gt;&lt;tr&gt;&lt;td colspan="3"&gt;&lt;a href="selenium-screenshot-25.png"&gt;&lt;img src="selenium-screenshot-25.png" width="800px"&gt;&lt;/a&gt;</msg>
<msg time="2025-05-30T13:33:57.914435" level="FAIL">InvalidSelectorException: Message: invalid selector: An invalid or illegal selector was specified
  (Session info: MicrosoftEdge=136.0.3240.92); For documentation on this error, please visit: https://www.selenium.dev/documentation/webdriver/troubleshooting/errors#invalid-selector-exception
Stacktrace:
	GetHandleVerifier [0x00007FF60948F885+25029]
	(No symbol) [0x00007FF6093E4890]
	Microsoft::Applications::Events::EventProperty::to_string [0x00007FF6096EA98A+1947706]
	(No symbol) [0x00007FF6091B230C]
	(No symbol) [0x00007FF6091B4B9C]
	(No symbol) [0x00007FF6091B4C6F]
	(No symbol) [0x00007FF6091F790B]
	(No symbol) [0x00007FF6091F804B]
	(No symbol) [0x00007FF609238CD7]
	(No symbol) [0x00007FF6092190CF]
	(No symbol) [0x00007FF6091EE15D]
	(No symbol) [0x00007FF609236698]
	(No symbol) [0x00007FF609218DF3]
	(No symbol) [0x00007FF6091ED6A6]
	(No symbol) [0x00007FF6091ECBB3]
	(No symbol) [0x00007FF6091ED4D3]
	(No symbol) [0x00007FF6092F5F0D]
	(No symbol) [0x00007FF609303AAF]
	(No symbol) [0x00007FF6092FC49F]
	Microsoft::Applications::Events::EventProperty::to_string [0x00007FF60955493A+284650]
	(No symbol) [0x00007FF6093F2221]
	(No symbol) [0x00007FF6093EACC4]
	(No symbol) [0x00007FF6093EAE13]
	(No symbol) [0x00007FF6093DCA56]
	BaseThreadInitThunk [0x00007FFEE69DE8D7+23]
	RtlUserThreadStart [0x00007FFEE797C34C+44]
</msg>
<arg>${locator}</arg>
<arg>${timeout}</arg>
<doc>Waits until the element ``locator`` is visible.</doc>
<status status="FAIL" start="2025-05-30T13:33:57.840050" elapsed="0.105644">InvalidSelectorException: Message: invalid selector: An invalid or illegal selector was specified
  (Session info: MicrosoftEdge=136.0.3240.92); For documentation on this error, please visit: https://www.selenium.dev/documentation/webdriver/troubleshooting/errors#invalid-selector-exception
Stacktrace:
	GetHandleVerifier [0x00007FF60948F885+25029]
	(No symbol) [0x00007FF6093E4890]
	Microsoft::Applications::Events::EventProperty::to_string [0x00007FF6096EA98A+1947706]
	(No symbol) [0x00007FF6091B230C]
	(No symbol) [0x00007FF6091B4B9C]
	(No symbol) [0x00007FF6091B4C6F]
	(No symbol) [0x00007FF6091F790B]
	(No symbol) [0x00007FF6091F804B]
	(No symbol) [0x00007FF609238CD7]
	(No symbol) [0x00007FF6092190CF]
	(No symbol) [0x00007FF6091EE15D]
	(No symbol) [0x00007FF609236698]
	(No symbol) [0x00007FF609218DF3]
	(No symbol) [0x00007FF6091ED6A6]
	(No symbol) [0x00007FF6091ECBB3]
	(No symbol) [0x00007FF6091ED4D3]
	(No symbol) [0x00007FF6092F5F0D]
	(No symbol) [0x00007FF609303AAF]
	(No symbol) [0x00007FF6092FC49F]
	Microsoft::Applications::Events::EventProperty::to_string [0x00007FF60955493A+284650]
	(No symbol) [0x00007FF6093F2221]
	(No symbol) [0x00007FF6093EACC4]
	(No symbol) [0x00007FF6093EAE13]
	(No symbol) [0x00007FF6093DCA56]
	BaseThreadInitThunk [0x00007FFEE69DE8D7+23]
	RtlUserThreadStart [0x00007FFEE797C34C+44]
</status>
</kw>
<kw name="Wait Until Element Is Enabled" owner="SeleniumLibrary">
<arg>${locator}</arg>
<arg>${timeout}</arg>
<doc>Waits until the element ``locator`` is enabled.</doc>
<status status="NOT RUN" start="2025-05-30T13:33:57.945845" elapsed="0.000027"/>
</kw>
<arg>${locator}</arg>
<arg>${timeout}</arg>
<status status="FAIL" start="2025-05-30T13:33:57.839899" elapsed="0.106074">InvalidSelectorException: Message: invalid selector: An invalid or illegal selector was specified
  (Session info: MicrosoftEdge=136.0.3240.92); For documentation on this error, please visit: https://www.selenium.dev/documentation/webdriver/troubleshooting/errors#invalid-selector-exception
Stacktrace:
	GetHandleVerifier [0x00007FF60948F885+25029]
	(No symbol) [0x00007FF6093E4890]
	Microsoft::Applications::Events::EventProperty::to_string [0x00007FF6096EA98A+1947706]
	(No symbol) [0x00007FF6091B230C]
	(No symbol) [0x00007FF6091B4B9C]
	(No symbol) [0x00007FF6091B4C6F]
	(No symbol) [0x00007FF6091F790B]
	(No symbol) [0x00007FF6091F804B]
	(No symbol) [0x00007FF609238CD7]
	(No symbol) [0x00007FF6092190CF]
	(No symbol) [0x00007FF6091EE15D]
	(No symbol) [0x00007FF609236698]
	(No symbol) [0x00007FF609218DF3]
	(No symbol) [0x00007FF6091ED6A6]
	(No symbol) [0x00007FF6091ECBB3]
	(No symbol) [0x00007FF6091ED4D3]
	(No symbol) [0x00007FF6092F5F0D]
	(No symbol) [0x00007FF609303AAF]
	(No symbol) [0x00007FF6092FC49F]
	Microsoft::Applications::Events::EventProperty::to_string [0x00007FF60955493A+284650]
	(No symbol) [0x00007FF6093F2221]
	(No symbol) [0x00007FF6093EACC4]
	(No symbol) [0x00007FF6093EAE13]
	(No symbol) [0x00007FF6093DCA56]
	BaseThreadInitThunk [0x00007FFEE69DE8D7+23]
	RtlUserThreadStart [0x00007FFEE797C34C+44]
</status>
</kw>
<kw name="Click Element" owner="SeleniumLibrary">
<arg>${locator}</arg>
<doc>Click the element identified by ``locator``.</doc>
<status status="NOT RUN" start="2025-05-30T13:33:57.946073" elapsed="0.000023"/>
</kw>
<arg>${ADD_NEW_ADDRESS_BUTTON}</arg>
<status status="FAIL" start="2025-05-30T13:33:57.839727" elapsed="0.106434">InvalidSelectorException: Message: invalid selector: An invalid or illegal selector was specified
  (Session info: MicrosoftEdge=136.0.3240.92); For documentation on this error, please visit: https://www.selenium.dev/documentation/webdriver/troubleshooting/errors#invalid-selector-exception
Stacktrace:
	GetHandleVerifier [0x00007FF60948F885+25029]
	(No symbol) [0x00007FF6093E4890]
	Microsoft::Applications::Events::EventProperty::to_string [0x00007FF6096EA98A+1947706]
	(No symbol) [0x00007FF6091B230C]
	(No symbol) [0x00007FF6091B4B9C]
	(No symbol) [0x00007FF6091B4C6F]
	(No symbol) [0x00007FF6091F790B]
	(No symbol) [0x00007FF6091F804B]
	(No symbol) [0x00007FF609238CD7]
	(No symbol) [0x00007FF6092190CF]
	(No symbol) [0x00007FF6091EE15D]
	(No symbol) [0x00007FF609236698]
	(No symbol) [0x00007FF609218DF3]
	(No symbol) [0x00007FF6091ED6A6]
	(No symbol) [0x00007FF6091ECBB3]
	(No symbol) [0x00007FF6091ED4D3]
	(No symbol) [0x00007FF6092F5F0D]
	(No symbol) [0x00007FF609303AAF]
	(No symbol) [0x00007FF6092FC49F]
	Microsoft::Applications::Events::EventProperty::to_string [0x00007FF60955493A+284650]
	(No symbol) [0x00007FF6093F2221]
	(No symbol) [0x00007FF6093EACC4]
	(No symbol) [0x00007FF6093EAE13]
	(No symbol) [0x00007FF6093DCA56]
	BaseThreadInitThunk [0x00007FFEE69DE8D7+23]
	RtlUserThreadStart [0x00007FFEE797C34C+44]
</status>
</kw>
<status status="FAIL" start="2025-05-30T13:33:57.839537" elapsed="0.106689">InvalidSelectorException: Message: invalid selector: An invalid or illegal selector was specified
  (Session info: MicrosoftEdge=136.0.3240.92); For documentation on this error, please visit: https://www.selenium.dev/documentation/webdriver/troubleshooting/errors#invalid-selector-exception
Stacktrace:
	GetHandleVerifier [0x00007FF60948F885+25029]
	(No symbol) [0x00007FF6093E4890]
	Microsoft::Applications::Events::EventProperty::to_string [0x00007FF6096EA98A+1947706]
	(No symbol) [0x00007FF6091B230C]
	(No symbol) [0x00007FF6091B4B9C]
	(No symbol) [0x00007FF6091B4C6F]
	(No symbol) [0x00007FF6091F790B]
	(No symbol) [0x00007FF6091F804B]
	(No symbol) [0x00007FF609238CD7]
	(No symbol) [0x00007FF6092190CF]
	(No symbol) [0x00007FF6091EE15D]
	(No symbol) [0x00007FF609236698]
	(No symbol) [0x00007FF609218DF3]
	(No symbol) [0x00007FF6091ED6A6]
	(No symbol) [0x00007FF6091ECBB3]
	(No symbol) [0x00007FF6091ED4D3]
	(No symbol) [0x00007FF6092F5F0D]
	(No symbol) [0x00007FF609303AAF]
	(No symbol) [0x00007FF6092FC49F]
	Microsoft::Applications::Events::EventProperty::to_string [0x00007FF60955493A+284650]
	(No symbol) [0x00007FF6093F2221]
	(No symbol) [0x00007FF6093EACC4]
	(No symbol) [0x00007FF6093EAE13]
	(No symbol) [0x00007FF6093DCA56]
	BaseThreadInitThunk [0x00007FFEE69DE8D7+23]
	RtlUserThreadStart [0x00007FFEE797C34C+44]
</status>
</kw>
<kw name="Fill Address Form" owner="address_page">
<arg>${TEST_COUNTRY}</arg>
<arg>${TEST_NAME}</arg>
<arg>${TEST_MOBILE}</arg>
<arg>${TEST_ZIP}</arg>
<arg>${TEST_ADDRESS}</arg>
<arg>${TEST_CITY}</arg>
<arg>${TEST_STATE}</arg>
<status status="NOT RUN" start="2025-05-30T13:33:57.946791" elapsed="0.000034"/>
</kw>
<kw name="Submit Address Form" owner="address_page">
<status status="NOT RUN" start="2025-05-30T13:33:57.947115" elapsed="0.000019"/>
</kw>
<kw name="Element Should Be Visible And Enabled" owner="base_page">
<arg>${CONTINUE_BUTTON}</arg>
<status status="NOT RUN" start="2025-05-30T13:33:57.947255" elapsed="0.000019"/>
</kw>
<kw name="Close All Browsers" owner="SeleniumLibrary" type="TEARDOWN">
<doc>Closes all open browsers and resets the browser cache.</doc>
<status status="PASS" start="2025-05-30T13:33:57.947489" elapsed="2.341888"/>
</kw>
<doc>Tests the flow of logging in, adding 1 item to basket, and completing checkout with a new address</doc>
<status status="FAIL" start="2025-05-30T13:33:48.516733" elapsed="11.773782">InvalidSelectorException: Message: invalid selector: An invalid or illegal selector was specified
  (Session info: MicrosoftEdge=136.0.3240.92); For documentation on this error, please visit: https://www.selenium.dev/documentation/webdriver/troubleshooting/errors#invalid-selector-exception
Stacktrace:
	GetHandleVerifier [0x00007FF60948F885+25029]
	(No symbol) [0x00007FF6093E4890]
	Microsoft::Applications::Events::EventProperty::to_string [0x00007FF6096EA98A+1947706]
	(No symbol) [0x00007FF6091B230C]
	(No symbol) [0x00007FF6091B4B9C]
	(No symbol) [0x00007FF6091B4C6F]
	(No symbol) [0x00007FF6091F790B]
	(No symbol) [0x00007FF6091F804B]
	(No symbol) [0x00007FF609238CD7]
	(No symbol) [0x00007FF6092190CF]
	(No symbol) [0x00007FF6091EE15D]
	(No symbol) [0x00007FF609236698]
	(No symbol) [0x00007FF609218DF3]
	(No symbol) [0x00007FF6091ED6A6]
	(No symbol) [0x00007FF6091ECBB3]
	(No symbol) [0x00007FF6091ED4D3]
	(No symbol) [0x00007FF6092F5F0D]
	(No symbol) [0x00007FF609303AAF]
	(No symbol) [0x00007FF6092FC49F]
	Microsoft::Applications::Events::EventProperty::to_string [0x00007FF60955493A+284650]
	(No symbol) [0x00007FF6093F2221]
	(No symbol) [0x00007FF6093EACC4]
	(No symbol) [0x00007FF6093EAE13]
	(No symbol) [0x00007FF6093DCA56]
	BaseThreadInitThunk [0x00007FFEE69DE8D7+23]
	RtlUserThreadStart [0x00007FFEE797C34C+44]
</status>
</test>
<doc>Test scenario 1: Login, add 1 item to basket, checkout, add address</doc>
<status status="FAIL" start="2025-05-30T13:33:48.300000" elapsed="11.999558"/>
</suite>
<statistics>
<total>
<stat pass="0" fail="1" skip="0">All Tests</stat>
</total>
<tag>
</tag>
<suite>
<stat name="Scenario1 Test" id="s1" pass="0" fail="1" skip="0">Scenario1 Test</stat>
</suite>
</statistics>
<errors>
</errors>
</robot>
